<?xml version="1.0" encoding="UTF-8"?>
<testng-results skipped="0" failed="0" total="7" passed="7">
  <reporter-output>
  </reporter-output>
  <suite name="Suite" duration-ms="12757" started-at="2018-03-05T06:10:50Z" finished-at="2018-03-05T06:11:03Z">
    <groups>
    </groups>
    <test name="Test" duration-ms="12757" started-at="2018-03-05T06:10:50Z" finished-at="2018-03-05T06:11:03Z">
      <class name="seleniumBatchExample.TestA">
        <test-method status="PASS" signature="setUp()[pri:0, instance:seleniumBatchExample.TestA@d8355a8]" name="setUp" is-config="true" duration-ms="3549" started-at="2018-03-05T11:40:57Z" finished-at="2018-03-05T11:41:01Z">
          <reporter-output>
          </reporter-output>
        </test-method> <!-- setUp -->
        <test-method status="PASS" signature="testPageTitleSampleA()[pri:0, instance:seleniumBatchExample.TestA@d8355a8]" name="testPageTitleSampleA" duration-ms="2194" started-at="2018-03-05T11:41:01Z" finished-at="2018-03-05T11:41:03Z">
          <reporter-output>
          </reporter-output>
        </test-method> <!-- testPageTitleSampleA -->
        <test-method status="PASS" signature="testSampleThree()[pri:0, instance:seleniumBatchExample.TestA@d8355a8]" name="testSampleThree" duration-ms="1" started-at="2018-03-05T11:41:03Z" finished-at="2018-03-05T11:41:03Z">
          <reporter-output>
          </reporter-output>
        </test-method> <!-- testSampleThree -->
        <test-method status="PASS" signature="testSampleTwo()[pri:0, instance:seleniumBatchExample.TestA@d8355a8]" name="testSampleTwo" duration-ms="2" started-at="2018-03-05T11:41:03Z" finished-at="2018-03-05T11:41:03Z">
          <reporter-output>
          </reporter-output>
        </test-method> <!-- testSampleTwo -->
        <test-method status="PASS" signature="tearDown()[pri:0, instance:seleniumBatchExample.TestA@d8355a8]" name="tearDown" is-config="true" duration-ms="142" started-at="2018-03-05T11:41:03Z" finished-at="2018-03-05T11:41:03Z">
          <reporter-output>
          </reporter-output>
        </test-method> <!-- tearDown -->
      </class> <!-- seleniumBatchExample.TestA -->
      <class name="seleniumBatchExample.TestB">
        <test-method status="PASS" signature="setUp()[pri:0, instance:seleniumBatchExample.TestB@46d56d67]" name="setUp" is-config="true" duration-ms="4587" started-at="2018-03-05T11:40:50Z" finished-at="2018-03-05T11:40:55Z">
          <reporter-output>
          </reporter-output>
        </test-method> <!-- setUp -->
        <test-method status="PASS" signature="testPageTitleSampleB()[pri:0, instance:seleniumBatchExample.TestB@46d56d67]" name="testPageTitleSampleB" duration-ms="2017" started-at="2018-03-05T11:40:55Z" finished-at="2018-03-05T11:40:57Z">
          <reporter-output>
          </reporter-output>
        </test-method> <!-- testPageTitleSampleB -->
        <test-method status="PASS" signature="testSampleOne()[pri:0, instance:seleniumBatchExample.TestB@46d56d67]" name="testSampleOne" duration-ms="1" started-at="2018-03-05T11:40:57Z" finished-at="2018-03-05T11:40:57Z">
          <reporter-output>
          </reporter-output>
        </test-method> <!-- testSampleOne -->
        <test-method status="PASS" signature="testSampleThree()[pri:0, instance:seleniumBatchExample.TestB@46d56d67]" name="testSampleThree" duration-ms="3" started-at="2018-03-05T11:40:57Z" finished-at="2018-03-05T11:40:57Z">
          <reporter-output>
          </reporter-output>
        </test-method> <!-- testSampleThree -->
        <test-method status="PASS" signature="testSampleTwo()[pri:0, instance:seleniumBatchExample.TestB@46d56d67]" name="testSampleTwo" duration-ms="1" started-at="2018-03-05T11:40:57Z" finished-at="2018-03-05T11:40:57Z">
          <reporter-output>
          </reporter-output>
        </test-method> <!-- testSampleTwo -->
        <test-method status="PASS" signature="tearDown()[pri:0, instance:seleniumBatchExample.TestB@46d56d67]" name="tearDown" is-config="true" duration-ms="223" started-at="2018-03-05T11:40:57Z" finished-at="2018-03-05T11:40:57Z">
          <reporter-output>
          </reporter-output>
        </test-method> <!-- tearDown -->
      </class> <!-- seleniumBatchExample.TestB -->
    </test> <!-- Test -->
  </suite> <!-- Suite -->
</testng-results>
