<?xml version="1.0" encoding="UTF-8"?>
<!-- Generated by org.testng.reporters.JUnitXMLReporter -->
<testsuite hostname="Jagdish-PC" name="Test" tests="7" failures="0" timestamp="5 Mar 2018 06:11:03 GMT" time="12.757" errors="0">
  <testcase name="testPageTitleSampleB" time="2.017" classname="seleniumBatchExample.TestB"/>
  <testcase name="testSampleOne" time="0.001" classname="seleniumBatchExample.TestB"/>
  <testcase name="testSampleThree" time="0.003" classname="seleniumBatchExample.TestB"/>
  <testcase name="testSampleTwo" time="0.001" classname="seleniumBatchExample.TestB"/>
  <testcase name="testPageTitleSampleA" time="2.194" classname="seleniumBatchExample.TestA"/>
  <testcase name="testSampleThree" time="0.001" classname="seleniumBatchExample.TestA"/>
  <testcase name="testSampleTwo" time="0.002" classname="seleniumBatchExample.TestA"/>
</testsuite> <!-- Test -->
