<?xml version="1.0" encoding="UTF-8"?>
<!-- Generated by org.testng.reporters.JUnitXMLReporter -->
<testsuite hostname="Jagdish-PC" name="Test" tests="12" failures="0" timestamp="10 Feb 2018 16:21:00 GMT" time="95.577" errors="0">
  <testcase name="verifyTitle" time="0.019" classname="assignment9N.SeleniumTestScenario4C"/>
  <testcase name="registrationForm1TC2" time="0.758" classname="assignment9N.SeleniumTestScenario4C"/>
  <testcase name="registrationForm2" time="1.264" classname="assignment9N.SeleniumTestScenario4C"/>
  <testcase name="registrationForm3" time="0.896" classname="assignment9N.SeleniumTestScenario4C"/>
  <testcase name="registrationForm4" time="0.812" classname="assignment9N.SeleniumTestScenario4C"/>
  <testcase name="verifyWelcomePage" time="0.001" classname="assignment9N.SeleniumTestScenario4C"/>
  <testcase name="verifyTitle" time="0.036" classname="assignment9N.SeleniumTestScenario4M"/>
  <testcase name="registrationForm1TC2" time="1.84" classname="assignment9N.SeleniumTestScenario4M"/>
  <testcase name="registrationForm2" time="2.789" classname="assignment9N.SeleniumTestScenario4M"/>
  <testcase name="registrationForm3" time="1.142" classname="assignment9N.SeleniumTestScenario4M"/>
  <testcase name="registrationForm4" time="6.283" classname="assignment9N.SeleniumTestScenario4M"/>
  <testcase name="verifyWelcomePage" time="0.001" classname="assignment9N.SeleniumTestScenario4M"/>
</testsuite> <!-- Test -->
