<?xml version="1.0" encoding="UTF-8"?>
<testng-results skipped="0" failed="0" ignored="0" total="1" passed="1">
  <reporter-output>
  </reporter-output>
  <suite name="Default suite" duration-ms="13161" started-at="2018-02-20T07:25:06Z" finished-at="2018-02-20T07:25:19Z">
    <groups>
    </groups>
    <test name="Default test" duration-ms="13161" started-at="2018-02-20T07:25:06Z" finished-at="2018-02-20T07:25:19Z">
      <class name="project_Page_Test.Gmail_Login_Test">
        <test-method status="PASS" signature="setUp()[pri:0, instance:project_Page_Test.Gmail_Login_Test@604ed9f0]" name="setUp" is-config="true" duration-ms="94" started-at="2018-02-20T12:55:06Z" finished-at="2018-02-20T12:55:06Z">
          <reporter-output>
          </reporter-output>
        </test-method> <!-- setUp -->
        <test-method status="PASS" signature="testSuccessfulLogin()[pri:0, instance:project_Page_Test.Gmail_Login_Test@604ed9f0]" name="testSuccessfulLogin" duration-ms="12641" started-at="2018-02-20T12:55:06Z" description="Performs a successful login and checks whether the Home page is opened" finished-at="2018-02-20T12:55:18Z">
          <reporter-output>
          </reporter-output>
        </test-method> <!-- testSuccessfulLogin -->
        <test-method status="PASS" signature="tearDown()[pri:0, instance:project_Page_Test.Gmail_Login_Test@604ed9f0]" name="tearDown" is-config="true" duration-ms="408" started-at="2018-02-20T12:55:18Z" finished-at="2018-02-20T12:55:19Z">
          <reporter-output>
          </reporter-output>
        </test-method> <!-- tearDown -->
      </class> <!-- project_Page_Test.Gmail_Login_Test -->
    </test> <!-- Default test -->
  </suite> <!-- Default suite -->
</testng-results>
