<?xml version="1.0" encoding="UTF-8"?>
<!-- Generated by org.testng.reporters.JUnitXMLReporter -->
<testsuite hostname="Jagdish-PC" name="Test(failed)" tests="1" failures="1" timestamp="1 Feb 2018 18:13:32 GMT" time="19.004" errors="0">
  <testcase name="verifyTitle" time="0.034" classname="assignment8.SeleniumTestScenario3">
    <failure type="java.lang.AssertionError" message="expected [Register Page] but found [Register page]">
      <![CDATA[java.lang.AssertionError: expected [Register Page] but found [Register page]
	at assignment8.SeleniumTestScenario3.verifyTitle(SeleniumTestScenario3.java:36)
	at java.util.concurrent.FutureTask.run(Unknown Source)
	at java.util.concurrent.ThreadPoolExecutor.runWorker(Unknown Source)
	at java.util.concurrent.ThreadPoolExecutor$Worker.run(Unknown Source)
	at java.lang.Thread.run(Unknown Source)
... Removed 21 stack frames]]>
    </failure>
  </testcase> <!-- verifyTitle -->
</testsuite> <!-- Test(failed) -->
