<?xml version="1.0" encoding="UTF-8"?>
<!-- Generated by org.testng.reporters.JUnitXMLReporter -->
<testsuite hostname="Jagdish-PC" ignored="7" name="AutomationFeature" tests="3" failures="0" timestamp="08 Feb 2018 17:27:37 GMT" time="0.017" errors="0">
  <testcase name="ui1" time="0.001" classname="testNGHigLevelConfig.GUITesting"/>
  <testcase name="unitTest3" time="0.002" classname="testNGHigLevelConfig.UnitTesting"/>
  <testcase name="scenario2" time="0.001" classname="testNGHigLevelConfig.RegressionTesting"/>
  <testcase name="scenario1" time="0.0" classname="testNGHigLevelConfig.RegressionTesting">
    <ignored/>
  </testcase> <!-- scenario1 -->
  <testcase name="ui3" time="0.0" classname="testNGHigLevelConfig.GUITesting">
    <ignored/>
  </testcase> <!-- ui3 -->
  <testcase name="ui4" time="0.0" classname="testNGHigLevelConfig.GUITesting">
    <ignored/>
  </testcase> <!-- ui4 -->
  <testcase name="unitTest1" time="0.0" classname="testNGHigLevelConfig.UnitTesting">
    <ignored/>
  </testcase> <!-- unitTest1 -->
  <testcase name="unitTest2" time="0.0" classname="testNGHigLevelConfig.UnitTesting">
    <ignored/>
  </testcase> <!-- unitTest2 -->
  <testcase name="ui2" time="0.0" classname="testNGHigLevelConfig.GUITesting">
    <ignored/>
  </testcase> <!-- ui2 -->
  <testcase name="scenario3" time="0.0" classname="testNGHigLevelConfig.RegressionTesting">
    <ignored/>
  </testcase> <!-- scenario3 -->
</testsuite> <!-- AutomationFeature -->
