<?xml version="1.0" encoding="UTF-8"?>
<!-- Generated by org.testng.reporters.JUnitXMLReporter -->
<testsuite hostname="Jagdish-PC" ignored="0" name="GUITesting" tests="4" failures="0" timestamp="08 Feb 2018 17:27:37 GMT" time="0.021" errors="0">
  <testcase name="ui1" time="0.001" classname="testNGHigLevelConfig.GUITesting"/>
  <testcase name="ui2" time="0.005" classname="testNGHigLevelConfig.GUITesting"/>
  <testcase name="ui3" time="0.003" classname="testNGHigLevelConfig.GUITesting"/>
  <testcase name="ui4" time="0.001" classname="testNGHigLevelConfig.GUITesting"/>
</testsuite> <!-- GUITesting -->
