<?xml version="1.0" encoding="UTF-8"?>
<!-- Generated by org.testng.reporters.JUnitXMLReporter -->
<testsuite hostname="Jagdish-PC" ignored="0" name="RegressionTesting" tests="3" failures="0" timestamp="08 Feb 2018 17:27:37 GMT" time="0.025" errors="0">
  <testcase name="scenario1" time="0.003" classname="testNGHigLevelConfig.RegressionTesting"/>
  <testcase name="scenario2" time="0.001" classname="testNGHigLevelConfig.RegressionTesting"/>
  <testcase name="scenario3" time="0.002" classname="testNGHigLevelConfig.RegressionTesting"/>
</testsuite> <!-- RegressionTesting -->
