<?xml version="1.0" encoding="UTF-8"?>
<!-- Generated by org.testng.reporters.JUnitXMLReporter -->
<testsuite hostname="Jagdish-PC" ignored="0" name="UnitTesting" tests="3" failures="0" timestamp="08 Feb 2018 17:27:37 GMT" time="0.044" errors="0">
  <testcase name="unitTest1" time="0.012" classname="testNGHigLevelConfig.UnitTesting"/>
  <testcase name="unitTest2" time="0.003" classname="testNGHigLevelConfig.UnitTesting"/>
  <testcase name="unitTest3" time="0.003" classname="testNGHigLevelConfig.UnitTesting"/>
</testsuite> <!-- UnitTesting -->
