<?xml version="1.0" encoding="UTF-8"?>
<!-- Generated by org.testng.reporters.JUnitXMLReporter -->
<testsuite hostname="Jagdish-PC" name="Default test" tests="3" failures="0" timestamp="5 Mar 2018 06:00:55 GMT" time="12.432" errors="0">
  <testcase name="testPageTitleSampleA" time="3.549" classname="seleniumBatchExample.TestA"/>
  <testcase name="testSampleThree" time="0.002" classname="seleniumBatchExample.TestA"/>
  <testcase name="testSampleTwo" time="0.002" classname="seleniumBatchExample.TestA"/>
</testsuite> <!-- Default test -->
