<?xml version="1.0" encoding="UTF-8"?>
<testng-results skipped="0" failed="0" ignored="0" total="1" passed="1">
  <reporter-output>
  </reporter-output>
  <suite name="Default suite" duration-ms="8279" started-at="2018-02-08T16:46:01Z" finished-at="2018-02-08T16:46:09Z">
    <groups>
    </groups>
    <test name="Default test" duration-ms="8279" started-at="2018-02-08T16:46:01Z" finished-at="2018-02-08T16:46:09Z">
      <class name="testPkg.ClassB">
        <test-method status="PASS" signature="beforeMethod()[pri:0, instance:testPkg.ClassB@91161c7]" name="beforeMethod" is-config="true" duration-ms="7973" started-at="2018-02-08T22:16:01Z" finished-at="2018-02-08T22:16:09Z">
          <reporter-output>
          </reporter-output>
        </test-method> <!-- beforeMethod -->
        <test-method status="PASS" signature="TC3()[pri:0, instance:testPkg.ClassB@91161c7]" name="TC3" duration-ms="8" started-at="2018-02-08T22:16:09Z" finished-at="2018-02-08T22:16:09Z">
          <reporter-output>
          </reporter-output>
        </test-method> <!-- TC3 -->
        <test-method status="PASS" signature="afterMethod()[pri:0, instance:testPkg.ClassB@91161c7]" name="afterMethod" is-config="true" duration-ms="265" started-at="2018-02-08T22:16:09Z" finished-at="2018-02-08T22:16:09Z">
          <reporter-output>
          </reporter-output>
        </test-method> <!-- afterMethod -->
      </class> <!-- testPkg.ClassB -->
    </test> <!-- Default test -->
  </suite> <!-- Default suite -->
</testng-results>
