<?xml version="1.0" encoding="UTF-8"?>
<testng-results skipped="0" failed="0" ignored="0" total="1" passed="1">
  <reporter-output>
  </reporter-output>
  <suite name="Suite" duration-ms="4450" started-at="2018-02-09T08:38:26Z" finished-at="2018-02-09T08:38:30Z">
    <groups>
    </groups>
    <test name="Test" duration-ms="4450" started-at="2018-02-09T08:38:26Z" finished-at="2018-02-09T08:38:30Z">
      <class name="multiBrowserWithConfig.CallingBrowser">
        <test-method status="PASS" signature="beforeTest()[pri:0, instance:multiBrowserWithConfig.CallingBrowser@47c62251]" name="beforeTest" is-config="true" duration-ms="11" started-at="2018-02-09T14:08:26Z" finished-at="2018-02-09T14:08:26Z">
          <reporter-output>
          </reporter-output>
        </test-method> <!-- beforeTest -->
        <test-method status="PASS" signature="TC1()[pri:0, instance:multiBrowserWithConfig.CallingBrowser@47c62251]" name="TC1" duration-ms="4394" started-at="2018-02-09T14:08:26Z" finished-at="2018-02-09T14:08:30Z">
          <reporter-output>
          </reporter-output>
        </test-method> <!-- TC1 -->
        <test-method status="PASS" signature="afterTest()[pri:0, instance:multiBrowserWithConfig.CallingBrowser@47c62251]" name="afterTest" is-config="true" duration-ms="20" started-at="2018-02-09T14:08:30Z" finished-at="2018-02-09T14:08:30Z">
          <reporter-output>
          </reporter-output>
        </test-method> <!-- afterTest -->
      </class> <!-- multiBrowserWithConfig.CallingBrowser -->
    </test> <!-- Test -->
  </suite> <!-- Suite -->
</testng-results>
