<?xml version="1.0" encoding="UTF-8"?>
<!-- Generated by org.testng.reporters.JUnitXMLReporter -->
<testsuite hostname="Jagdish-PC" ignored="1" name="Test" tests="3" failures="0" timestamp="04 Feb 2018 09:04:21 GMT" time="19.197" errors="0">
  <testcase name="TC1" time="0.008" classname="testPkg.ClassA"/>
  <testcase name="TC2" time="0.002" classname="testPkg.ClassA"/>
  <testcase name="TC4" time="0.001" classname="testPkg.ClassC"/>
  <testcase name="TC3" time="0.0" classname="testPkg.ClassB">
    <ignored/>
  </testcase> <!-- TC3 -->
</testsuite> <!-- Test -->
