<?xml version="1.0" encoding="UTF-8"?>
<testng-results skipped="0" failed="0" ignored="0" total="1" passed="1">
  <reporter-output>
  </reporter-output>
  <suite name="Default suite" duration-ms="12674" started-at="2018-02-23T20:57:02Z" finished-at="2018-02-23T20:57:14Z">
    <groups>
    </groups>
    <test name="Default test" duration-ms="12674" started-at="2018-02-23T20:57:02Z" finished-at="2018-02-23T20:57:14Z">
      <class name="seleniumQTP_Tests.SeleniumQTP_RegistrationPage1_Test">
        <test-method status="PASS" signature="beforeMethod()[pri:0, instance:seleniumQTP_Tests.SeleniumQTP_RegistrationPage1_Test@91161c7]" name="beforeMethod" is-config="true" duration-ms="8976" started-at="2018-02-24T02:27:02Z" finished-at="2018-02-24T02:27:11Z">
          <reporter-output>
          </reporter-output>
        </test-method> <!-- beforeMethod -->
        <test-method status="PASS" signature="succefullyNavigatePage1()[pri:0, instance:seleniumQTP_Tests.SeleniumQTP_RegistrationPage1_Test@91161c7]" name="succefullyNavigatePage1" duration-ms="3669" started-at="2018-02-24T02:27:11Z" finished-at="2018-02-24T02:27:14Z">
          <reporter-output>
          </reporter-output>
        </test-method> <!-- succefullyNavigatePage1 -->
        <test-method status="PASS" signature="afterMethod()[pri:0, instance:seleniumQTP_Tests.SeleniumQTP_RegistrationPage1_Test@91161c7]" name="afterMethod" is-config="true" duration-ms="1" started-at="2018-02-24T02:27:14Z" finished-at="2018-02-24T02:27:14Z">
          <reporter-output>
          </reporter-output>
        </test-method> <!-- afterMethod -->
      </class> <!-- seleniumQTP_Tests.SeleniumQTP_RegistrationPage1_Test -->
    </test> <!-- Default test -->
  </suite> <!-- Default suite -->
</testng-results>
