<?xml version="1.0" encoding="UTF-8"?>
<testng-results skipped="0" failed="0" total="1" passed="1">
  <reporter-output>
  </reporter-output>
  <suite name="Default suite" duration-ms="12108" started-at="2018-02-14T20:04:43Z" finished-at="2018-02-14T20:04:55Z">
    <groups>
    </groups>
    <test name="Default test" duration-ms="12108" started-at="2018-02-14T20:04:43Z" finished-at="2018-02-14T20:04:55Z">
      <class name="selenium381pack.HH">
        <test-method status="PASS" signature="beforeMethod()[pri:0, instance:selenium381pack.HH@6f7fd0e6]" name="beforeMethod" is-config="true" duration-ms="7497" started-at="2018-02-15T01:34:43Z" finished-at="2018-02-15T01:34:50Z">
          <reporter-output>
          </reporter-output>
        </test-method> <!-- beforeMethod -->
        <test-method status="PASS" signature="jk()[pri:0, instance:selenium381pack.HH@6f7fd0e6]" name="jk" duration-ms="4568" started-at="2018-02-15T01:34:50Z" finished-at="2018-02-15T01:34:55Z">
          <reporter-output>
          </reporter-output>
        </test-method> <!-- jk -->
        <test-method status="PASS" signature="afterMethod()[pri:0, instance:selenium381pack.HH@6f7fd0e6]" name="afterMethod" is-config="true" duration-ms="25" started-at="2018-02-15T01:34:55Z" finished-at="2018-02-15T01:34:55Z">
          <reporter-output>
          </reporter-output>
        </test-method> <!-- afterMethod -->
      </class> <!-- selenium381pack.HH -->
    </test> <!-- Default test -->
  </suite> <!-- Default suite -->
</testng-results>
