<?xml version="1.0" encoding="UTF-8"?>
<!-- Generated by org.testng.reporters.JUnitXMLReporter -->
<testsuite hostname="Jagdish-PC" name="Test(failed)(failed)" tests="1" failures="1" timestamp="1 Feb 2018 18:14:50 GMT" time="56.645" errors="0">
  <testcase name="verifyTitle" time="0.039" classname="assignment8.SeleniumTestScenario3">
    <failure type="java.lang.AssertionError" message="expected [Register page] but found [New Tab]">
      <![CDATA[java.lang.AssertionError: expected [Register page] but found [New Tab]
	at assignment8.SeleniumTestScenario3.verifyTitle(SeleniumTestScenario3.java:36)
	at java.util.concurrent.FutureTask.run(Unknown Source)
	at java.util.concurrent.ThreadPoolExecutor.runWorker(Unknown Source)
	at java.util.concurrent.ThreadPoolExecutor$Worker.run(Unknown Source)
	at java.lang.Thread.run(Unknown Source)
... Removed 21 stack frames]]>
    </failure>
  </testcase> <!-- verifyTitle -->
</testsuite> <!-- Test(failed)(failed) -->
